Vivado Simulator v2023.2
Copyright 1986-2022 Xilinx, Inc. All Rights Reserved.
Copyright 2022-2023 Advanced Micro Devices, Inc. All Rights Reserved.
Running: C:/Xilinx/Vivado/2023.2/bin/unwrapped/win64.o/xelab.exe --incr --debug typical --relax --mt 2 -L xil_defaultlib -L unisims_ver -L unimacro_ver -L secureip --snapshot Mutiplier_4x4_tb_behav xil_defaultlib.Mutiplier_4x4_tb xil_defaultlib.glbl -log elaborate.log 
Using 2 slave threads.
Starting static elaboration
Pass Through NonSizing Optimizer
Completed static elaboration
Starting simulation data flow analysis
WARNING: [XSIM 43-4099] "C:/GSTL_26/DAY2/Multiplier/Multiplier_4x4/Multiplier_4x4.srcs/sources_1/new/Multiplier_4x4.v" Line 1. Module Multiplier_4x4 doesn't have a timescale but at least one module in design has a timescale.
WARNING: [XSIM 43-4099] "C:/GSTL_26/DAY1/4-BIT_ADDER/4-BIT_ADDER.srcs/sources_1/new/HalfAdder_0.v" Line 1. Module HalfAdder doesn't have a timescale but at least one module in design has a timescale.
WARNING: [XSIM 43-4099] "C:/GSTL_26/DAY1/4-BIT_ADDER/4-BIT_ADDER.srcs/sources_1/new/FullAdder_1.v" Line 1. Module FullAdder doesn't have a timescale but at least one module in design has a timescale.
WARNING: [XSIM 43-4099] "C:/GSTL_26/DAY1/4-BIT_ADDER/4-BIT_ADDER.srcs/sources_1/new/HalfAdder_0.v" Line 1. Module HalfAdder doesn't have a timescale but at least one module in design has a timescale.
WARNING: [XSIM 43-4099] "C:/GSTL_26/DAY1/4-BIT_ADDER/4-BIT_ADDER.srcs/sources_1/new/HalfAdder_0.v" Line 1. Module HalfAdder doesn't have a timescale but at least one module in design has a timescale.
WARNING: [XSIM 43-4099] "C:/GSTL_26/DAY1/4-BIT_ADDER/4-BIT_ADDER.srcs/sources_1/new/FullAdder_1.v" Line 1. Module FullAdder doesn't have a timescale but at least one module in design has a timescale.
WARNING: [XSIM 43-4099] "C:/GSTL_26/DAY1/4-BIT_ADDER/4-BIT_ADDER.srcs/sources_1/new/HalfAdder_0.v" Line 1. Module HalfAdder doesn't have a timescale but at least one module in design has a timescale.
WARNING: [XSIM 43-4099] "C:/GSTL_26/DAY1/4-BIT_ADDER/4-BIT_ADDER.srcs/sources_1/new/HalfAdder_0.v" Line 1. Module HalfAdder doesn't have a timescale but at least one module in design has a timescale.
WARNING: [XSIM 43-4099] "C:/GSTL_26/DAY1/4-BIT_ADDER/4-BIT_ADDER.srcs/sources_1/new/HalfAdder_0.v" Line 1. Module HalfAdder doesn't have a timescale but at least one module in design has a timescale.
WARNING: [XSIM 43-4099] "C:/GSTL_26/DAY1/4-BIT_ADDER/4-BIT_ADDER.srcs/sources_1/new/FullAdder_1.v" Line 1. Module FullAdder doesn't have a timescale but at least one module in design has a timescale.
WARNING: [XSIM 43-4099] "C:/GSTL_26/DAY1/4-BIT_ADDER/4-BIT_ADDER.srcs/sources_1/new/HalfAdder_0.v" Line 1. Module HalfAdder doesn't have a timescale but at least one module in design has a timescale.
WARNING: [XSIM 43-4099] "C:/GSTL_26/DAY1/4-BIT_ADDER/4-BIT_ADDER.srcs/sources_1/new/HalfAdder_0.v" Line 1. Module HalfAdder doesn't have a timescale but at least one module in design has a timescale.
WARNING: [XSIM 43-4099] "C:/GSTL_26/DAY1/4-BIT_ADDER/4-BIT_ADDER.srcs/sources_1/new/FullAdder_1.v" Line 1. Module FullAdder doesn't have a timescale but at least one module in design has a timescale.
WARNING: [XSIM 43-4099] "C:/GSTL_26/DAY1/4-BIT_ADDER/4-BIT_ADDER.srcs/sources_1/new/HalfAdder_0.v" Line 1. Module HalfAdder doesn't have a timescale but at least one module in design has a timescale.
WARNING: [XSIM 43-4099] "C:/GSTL_26/DAY1/4-BIT_ADDER/4-BIT_ADDER.srcs/sources_1/new/HalfAdder_0.v" Line 1. Module HalfAdder doesn't have a timescale but at least one module in design has a timescale.
WARNING: [XSIM 43-4099] "C:/GSTL_26/DAY1/4-BIT_ADDER/4-BIT_ADDER.srcs/sources_1/new/HalfAdder_0.v" Line 1. Module HalfAdder doesn't have a timescale but at least one module in design has a timescale.
WARNING: [XSIM 43-4099] "C:/GSTL_26/DAY1/4-BIT_ADDER/4-BIT_ADDER.srcs/sources_1/new/FullAdder_1.v" Line 1. Module FullAdder doesn't have a timescale but at least one module in design has a timescale.
WARNING: [XSIM 43-4099] "C:/GSTL_26/DAY1/4-BIT_ADDER/4-BIT_ADDER.srcs/sources_1/new/HalfAdder_0.v" Line 1. Module HalfAdder doesn't have a timescale but at least one module in design has a timescale.
WARNING: [XSIM 43-4099] "C:/GSTL_26/DAY1/4-BIT_ADDER/4-BIT_ADDER.srcs/sources_1/new/HalfAdder_0.v" Line 1. Module HalfAdder doesn't have a timescale but at least one module in design has a timescale.
WARNING: [XSIM 43-4099] "C:/GSTL_26/DAY1/4-BIT_ADDER/4-BIT_ADDER.srcs/sources_1/new/FullAdder_1.v" Line 1. Module FullAdder doesn't have a timescale but at least one module in design has a timescale.
WARNING: [XSIM 43-4099] "C:/GSTL_26/DAY1/4-BIT_ADDER/4-BIT_ADDER.srcs/sources_1/new/HalfAdder_0.v" Line 1. Module HalfAdder doesn't have a timescale but at least one module in design has a timescale.
WARNING: [XSIM 43-4099] "C:/GSTL_26/DAY1/4-BIT_ADDER/4-BIT_ADDER.srcs/sources_1/new/HalfAdder_0.v" Line 1. Module HalfAdder doesn't have a timescale but at least one module in design has a timescale.
WARNING: [XSIM 43-4099] "C:/GSTL_26/DAY1/4-BIT_ADDER/4-BIT_ADDER.srcs/sources_1/new/HalfAdder_0.v" Line 1. Module HalfAdder doesn't have a timescale but at least one module in design has a timescale.
WARNING: [XSIM 43-4099] "C:/GSTL_26/DAY1/4-BIT_ADDER/4-BIT_ADDER.srcs/sources_1/new/FullAdder_1.v" Line 1. Module FullAdder doesn't have a timescale but at least one module in design has a timescale.
WARNING: [XSIM 43-4099] "C:/GSTL_26/DAY1/4-BIT_ADDER/4-BIT_ADDER.srcs/sources_1/new/HalfAdder_0.v" Line 1. Module HalfAdder doesn't have a timescale but at least one module in design has a timescale.
WARNING: [XSIM 43-4099] "C:/GSTL_26/DAY1/4-BIT_ADDER/4-BIT_ADDER.srcs/sources_1/new/HalfAdder_0.v" Line 1. Module HalfAdder doesn't have a timescale but at least one module in design has a timescale.
WARNING: [XSIM 43-4099] "C:/GSTL_26/DAY1/4-BIT_ADDER/4-BIT_ADDER.srcs/sources_1/new/FullAdder_1.v" Line 1. Module FullAdder doesn't have a timescale but at least one module in design has a timescale.
WARNING: [XSIM 43-4099] "C:/GSTL_26/DAY1/4-BIT_ADDER/4-BIT_ADDER.srcs/sources_1/new/HalfAdder_0.v" Line 1. Module HalfAdder doesn't have a timescale but at least one module in design has a timescale.
WARNING: [XSIM 43-4099] "C:/GSTL_26/DAY1/4-BIT_ADDER/4-BIT_ADDER.srcs/sources_1/new/HalfAdder_0.v" Line 1. Module HalfAdder doesn't have a timescale but at least one module in design has a timescale.
WARNING: [XSIM 43-4099] "C:/GSTL_26/DAY2/Multiplier/Multiplier_4x4/Multiplier_4x4.srcs/sources_1/new/Multiplier_4x4.v" Line 1. Module Multiplier_4x4 doesn't have a timescale but at least one module in design has a timescale.
WARNING: [XSIM 43-4099] "C:/GSTL_26/DAY1/4-BIT_ADDER/4-BIT_ADDER.srcs/sources_1/new/HalfAdder_0.v" Line 1. Module HalfAdder doesn't have a timescale but at least one module in design has a timescale.
WARNING: [XSIM 43-4099] "C:/GSTL_26/DAY1/4-BIT_ADDER/4-BIT_ADDER.srcs/sources_1/new/FullAdder_1.v" Line 1. Module FullAdder doesn't have a timescale but at least one module in design has a timescale.
WARNING: [XSIM 43-4099] "C:/GSTL_26/DAY1/4-BIT_ADDER/4-BIT_ADDER.srcs/sources_1/new/HalfAdder_0.v" Line 1. Module HalfAdder doesn't have a timescale but at least one module in design has a timescale.
WARNING: [XSIM 43-4099] "C:/GSTL_26/DAY1/4-BIT_ADDER/4-BIT_ADDER.srcs/sources_1/new/HalfAdder_0.v" Line 1. Module HalfAdder doesn't have a timescale but at least one module in design has a timescale.
WARNING: [XSIM 43-4099] "C:/GSTL_26/DAY1/4-BIT_ADDER/4-BIT_ADDER.srcs/sources_1/new/FullAdder_1.v" Line 1. Module FullAdder doesn't have a timescale but at least one module in design has a timescale.
WARNING: [XSIM 43-4099] "C:/GSTL_26/DAY1/4-BIT_ADDER/4-BIT_ADDER.srcs/sources_1/new/HalfAdder_0.v" Line 1. Module HalfAdder doesn't have a timescale but at least one module in design has a timescale.
WARNING: [XSIM 43-4099] "C:/GSTL_26/DAY1/4-BIT_ADDER/4-BIT_ADDER.srcs/sources_1/new/HalfAdder_0.v" Line 1. Module HalfAdder doesn't have a timescale but at least one module in design has a timescale.
WARNING: [XSIM 43-4099] "C:/GSTL_26/DAY1/4-BIT_ADDER/4-BIT_ADDER.srcs/sources_1/new/HalfAdder_0.v" Line 1. Module HalfAdder doesn't have a timescale but at least one module in design has a timescale.
WARNING: [XSIM 43-4099] "C:/GSTL_26/DAY1/4-BIT_ADDER/4-BIT_ADDER.srcs/sources_1/new/FullAdder_1.v" Line 1. Module FullAdder doesn't have a timescale but at least one module in design has a timescale.
WARNING: [XSIM 43-4099] "C:/GSTL_26/DAY1/4-BIT_ADDER/4-BIT_ADDER.srcs/sources_1/new/HalfAdder_0.v" Line 1. Module HalfAdder doesn't have a timescale but at least one module in design has a timescale.
WARNING: [XSIM 43-4099] "C:/GSTL_26/DAY1/4-BIT_ADDER/4-BIT_ADDER.srcs/sources_1/new/HalfAdder_0.v" Line 1. Module HalfAdder doesn't have a timescale but at least one module in design has a timescale.
WARNING: [XSIM 43-4099] "C:/GSTL_26/DAY1/4-BIT_ADDER/4-BIT_ADDER.srcs/sources_1/new/FullAdder_1.v" Line 1. Module FullAdder doesn't have a timescale but at least one module in design has a timescale.
WARNING: [XSIM 43-4099] "C:/GSTL_26/DAY1/4-BIT_ADDER/4-BIT_ADDER.srcs/sources_1/new/HalfAdder_0.v" Line 1. Module HalfAdder doesn't have a timescale but at least one module in design has a timescale.
WARNING: [XSIM 43-4099] "C:/GSTL_26/DAY1/4-BIT_ADDER/4-BIT_ADDER.srcs/sources_1/new/HalfAdder_0.v" Line 1. Module HalfAdder doesn't have a timescale but at least one module in design has a timescale.
WARNING: [XSIM 43-4099] "C:/GSTL_26/DAY1/4-BIT_ADDER/4-BIT_ADDER.srcs/sources_1/new/HalfAdder_0.v" Line 1. Module HalfAdder doesn't have a timescale but at least one module in design has a timescale.
WARNING: [XSIM 43-4099] "C:/GSTL_26/DAY1/4-BIT_ADDER/4-BIT_ADDER.srcs/sources_1/new/FullAdder_1.v" Line 1. Module FullAdder doesn't have a timescale but at least one module in design has a timescale.
WARNING: [XSIM 43-4099] "C:/GSTL_26/DAY1/4-BIT_ADDER/4-BIT_ADDER.srcs/sources_1/new/HalfAdder_0.v" Line 1. Module HalfAdder doesn't have a timescale but at least one module in design has a timescale.
WARNING: [XSIM 43-4099] "C:/GSTL_26/DAY1/4-BIT_ADDER/4-BIT_ADDER.srcs/sources_1/new/HalfAdder_0.v" Line 1. Module HalfAdder doesn't have a timescale but at least one module in design has a timescale.
WARNING: [XSIM 43-4099] "C:/GSTL_26/DAY1/4-BIT_ADDER/4-BIT_ADDER.srcs/sources_1/new/FullAdder_1.v" Line 1. Module FullAdder doesn't have a timescale but at least one module in design has a timescale.
WARNING: [XSIM 43-4099] "C:/GSTL_26/DAY1/4-BIT_ADDER/4-BIT_ADDER.srcs/sources_1/new/HalfAdder_0.v" Line 1. Module HalfAdder doesn't have a timescale but at least one module in design has a timescale.
WARNING: [XSIM 43-4099] "C:/GSTL_26/DAY1/4-BIT_ADDER/4-BIT_ADDER.srcs/sources_1/new/HalfAdder_0.v" Line 1. Module HalfAdder doesn't have a timescale but at least one module in design has a timescale.
WARNING: [XSIM 43-4099] "C:/GSTL_26/DAY1/4-BIT_ADDER/4-BIT_ADDER.srcs/sources_1/new/HalfAdder_0.v" Line 1. Module HalfAdder doesn't have a timescale but at least one module in design has a timescale.
WARNING: [XSIM 43-4099] "C:/GSTL_26/DAY1/4-BIT_ADDER/4-BIT_ADDER.srcs/sources_1/new/FullAdder_1.v" Line 1. Module FullAdder doesn't have a timescale but at least one module in design has a timescale.
WARNING: [XSIM 43-4099] "C:/GSTL_26/DAY1/4-BIT_ADDER/4-BIT_ADDER.srcs/sources_1/new/HalfAdder_0.v" Line 1. Module HalfAdder doesn't have a timescale but at least one module in design has a timescale.
WARNING: [XSIM 43-4099] "C:/GSTL_26/DAY1/4-BIT_ADDER/4-BIT_ADDER.srcs/sources_1/new/HalfAdder_0.v" Line 1. Module HalfAdder doesn't have a timescale but at least one module in design has a timescale.
WARNING: [XSIM 43-4099] "C:/GSTL_26/DAY1/4-BIT_ADDER/4-BIT_ADDER.srcs/sources_1/new/FullAdder_1.v" Line 1. Module FullAdder doesn't have a timescale but at least one module in design has a timescale.
WARNING: [XSIM 43-4099] "C:/GSTL_26/DAY1/4-BIT_ADDER/4-BIT_ADDER.srcs/sources_1/new/HalfAdder_0.v" Line 1. Module HalfAdder doesn't have a timescale but at least one module in design has a timescale.
WARNING: [XSIM 43-4099] "C:/GSTL_26/DAY1/4-BIT_ADDER/4-BIT_ADDER.srcs/sources_1/new/HalfAdder_0.v" Line 1. Module HalfAdder doesn't have a timescale but at least one module in design has a timescale.
Completed simulation data flow analysis
Time Resolution for simulation is 1ps
Compiling module xil_defaultlib.HalfAdder
Compiling module xil_defaultlib.FullAdder
Compiling module xil_defaultlib.Multiplier_4x4
Compiling module xil_defaultlib.Mutiplier_4x4_tb
Compiling module xil_defaultlib.glbl
Built simulation snapshot Mutiplier_4x4_tb_behav
