Vivado Simulator v2023.2
Copyright 1986-2022 Xilinx, Inc. All Rights Reserved.
Copyright 2022-2023 Advanced Micro Devices, Inc. All Rights Reserved.
Running: C:/Xilinx/Vivado/2023.2/bin/unwrapped/win64.o/xelab.exe --incr --debug typical --relax --mt 2 -L xil_defaultlib -L unisims_ver -L unimacro_ver -L secureip --snapshot MERGED_tb_behav xil_defaultlib.MERGED_tb xil_defaultlib.glbl -log elaborate.log 
Using 2 slave threads.
Starting static elaboration
Pass Through NonSizing Optimizer
Completed static elaboration
Starting simulation data flow analysis
WARNING: [XSIM 43-4099] "C:/GSTL_26/DAY1/HW/HW1/HW1.srcs/sources_1/new/MERGED.v" Line 1. Module MERGED doesn't have a timescale but at least one module in design has a timescale.
WARNING: [XSIM 43-4099] "C:/GSTL_26/DAY1/HW/HW1/HW1.srcs/sources_1/new/MUX_8X3.v" Line 1. Module MUX_8X3 doesn't have a timescale but at least one module in design has a timescale.
WARNING: [XSIM 43-4099] "C:/GSTL_26/DAY1/HW/HW1/HW1.srcs/sources_1/new/D_FF.v" Line 1. Module D_FF doesn't have a timescale but at least one module in design has a timescale.
WARNING: [XSIM 43-4099] "C:/GSTL_26/DAY1/HW/HW1/HW1.srcs/sources_1/new/MERGED.v" Line 1. Module MERGED doesn't have a timescale but at least one module in design has a timescale.
WARNING: [XSIM 43-4099] "C:/GSTL_26/DAY1/HW/HW1/HW1.srcs/sources_1/new/MUX_8X3.v" Line 1. Module MUX_8X3 doesn't have a timescale but at least one module in design has a timescale.
WARNING: [XSIM 43-4099] "C:/GSTL_26/DAY1/HW/HW1/HW1.srcs/sources_1/new/D_FF.v" Line 1. Module D_FF doesn't have a timescale but at least one module in design has a timescale.
Completed simulation data flow analysis
Time Resolution for simulation is 1ps
Compiling module xil_defaultlib.MUX_8X3
Compiling module xil_defaultlib.D_FF
Compiling module xil_defaultlib.MERGED
Compiling module xil_defaultlib.MERGED_tb
Compiling module xil_defaultlib.glbl
Built simulation snapshot MERGED_tb_behav
